0 info it worked if it ends with ok
1 verbose cli [ 'node', '/usr/local/bin/npm', 'install' ]
2 info using npm@1.4.28
3 info using node@v0.10.36
4 warn package.json outlawsass@1.0.0 No repository field.
5 warn package.json outlawsass@1.0.0 No README data
6 verbose readDependencies using package.json deps
7 verbose install where, deps [ '/Users/davidnie/02092015/OutlawSass',
7 verbose install   [ 'gulp',
7 verbose install     'gulp-sass',
7 verbose install     'gulp-concat',
7 verbose install     'gulp-minify-css',
7 verbose install     'gulp-rename',
7 verbose install     'bower',
7 verbose install     'gulp-util',
7 verbose install     'shelljs' ] ]
8 info preinstall outlawsass@1.0.0
9 verbose readDependencies using package.json deps
10 verbose cache add [ 'gulp-concat@^2.2.0', null ]
11 verbose cache add name=undefined spec="gulp-concat@^2.2.0" args=["gulp-concat@^2.2.0",null]
12 verbose parsed url { protocol: null,
12 verbose parsed url   slashes: null,
12 verbose parsed url   auth: null,
12 verbose parsed url   host: null,
12 verbose parsed url   port: null,
12 verbose parsed url   hostname: null,
12 verbose parsed url   hash: null,
12 verbose parsed url   search: null,
12 verbose parsed url   query: null,
12 verbose parsed url   pathname: 'gulp-concat@^2.2.0',
12 verbose parsed url   path: 'gulp-concat@^2.2.0',
12 verbose parsed url   href: 'gulp-concat@^2.2.0' }
13 verbose cache add name="gulp-concat" spec="^2.2.0" args=["gulp-concat","^2.2.0"]
14 verbose parsed url { protocol: null,
14 verbose parsed url   slashes: null,
14 verbose parsed url   auth: null,
14 verbose parsed url   host: null,
14 verbose parsed url   port: null,
14 verbose parsed url   hostname: null,
14 verbose parsed url   hash: null,
14 verbose parsed url   search: null,
14 verbose parsed url   query: null,
14 verbose parsed url   pathname: '^2.2.0',
14 verbose parsed url   path: '^2.2.0',
14 verbose parsed url   href: '^2.2.0' }
15 verbose addNamed [ 'gulp-concat', '^2.2.0' ]
16 verbose addNamed [ null, '>=2.2.0-0 <3.0.0-0' ]
17 verbose cache add [ 'gulp-minify-css@^0.3.0', null ]
18 verbose cache add name=undefined spec="gulp-minify-css@^0.3.0" args=["gulp-minify-css@^0.3.0",null]
19 verbose parsed url { protocol: null,
19 verbose parsed url   slashes: null,
19 verbose parsed url   auth: null,
19 verbose parsed url   host: null,
19 verbose parsed url   port: null,
19 verbose parsed url   hostname: null,
19 verbose parsed url   hash: null,
19 verbose parsed url   search: null,
19 verbose parsed url   query: null,
19 verbose parsed url   pathname: 'gulp-minify-css@^0.3.0',
19 verbose parsed url   path: 'gulp-minify-css@^0.3.0',
19 verbose parsed url   href: 'gulp-minify-css@^0.3.0' }
20 verbose cache add [ 'gulp-rename@^1.2.0', null ]
21 verbose cache add name=undefined spec="gulp-rename@^1.2.0" args=["gulp-rename@^1.2.0",null]
22 verbose parsed url { protocol: null,
22 verbose parsed url   slashes: null,
22 verbose parsed url   auth: null,
22 verbose parsed url   host: null,
22 verbose parsed url   port: null,
22 verbose parsed url   hostname: null,
22 verbose parsed url   hash: null,
22 verbose parsed url   search: null,
22 verbose parsed url   query: null,
22 verbose parsed url   pathname: 'gulp-rename@^1.2.0',
22 verbose parsed url   path: 'gulp-rename@^1.2.0',
22 verbose parsed url   href: 'gulp-rename@^1.2.0' }
23 silly lockFile bade1119-gulp-concat-2-2-0 gulp-concat@^2.2.0
24 verbose lock gulp-concat@^2.2.0 /Users/davidnie/.npm/bade1119-gulp-concat-2-2-0.lock
25 verbose cache add name="gulp-minify-css" spec="^0.3.0" args=["gulp-minify-css","^0.3.0"]
26 verbose parsed url { protocol: null,
26 verbose parsed url   slashes: null,
26 verbose parsed url   auth: null,
26 verbose parsed url   host: null,
26 verbose parsed url   port: null,
26 verbose parsed url   hostname: null,
26 verbose parsed url   hash: null,
26 verbose parsed url   search: null,
26 verbose parsed url   query: null,
26 verbose parsed url   pathname: '^0.3.0',
26 verbose parsed url   path: '^0.3.0',
26 verbose parsed url   href: '^0.3.0' }
27 verbose addNamed [ 'gulp-minify-css', '^0.3.0' ]
28 verbose addNamed [ null, '>=0.3.0-0 <0.4.0-0' ]
29 silly lockFile 97140670-gulp-minify-css-0-3-0 gulp-minify-css@^0.3.0
30 verbose lock gulp-minify-css@^0.3.0 /Users/davidnie/.npm/97140670-gulp-minify-css-0-3-0.lock
31 verbose cache add [ 'bower@^1.3.3', null ]
32 verbose cache add name=undefined spec="bower@^1.3.3" args=["bower@^1.3.3",null]
33 verbose parsed url { protocol: null,
33 verbose parsed url   slashes: null,
33 verbose parsed url   auth: null,
33 verbose parsed url   host: null,
33 verbose parsed url   port: null,
33 verbose parsed url   hostname: null,
33 verbose parsed url   hash: null,
33 verbose parsed url   search: null,
33 verbose parsed url   query: null,
33 verbose parsed url   pathname: 'bower@^1.3.3',
33 verbose parsed url   path: 'bower@^1.3.3',
33 verbose parsed url   href: 'bower@^1.3.3' }
34 verbose cache add [ 'gulp-util@^2.2.14', null ]
35 verbose cache add name=undefined spec="gulp-util@^2.2.14" args=["gulp-util@^2.2.14",null]
36 verbose parsed url { protocol: null,
36 verbose parsed url   slashes: null,
36 verbose parsed url   auth: null,
36 verbose parsed url   host: null,
36 verbose parsed url   port: null,
36 verbose parsed url   hostname: null,
36 verbose parsed url   hash: null,
36 verbose parsed url   search: null,
36 verbose parsed url   query: null,
36 verbose parsed url   pathname: 'gulp-util@^2.2.14',
36 verbose parsed url   path: 'gulp-util@^2.2.14',
36 verbose parsed url   href: 'gulp-util@^2.2.14' }
37 verbose cache add name="gulp-rename" spec="^1.2.0" args=["gulp-rename","^1.2.0"]
38 verbose parsed url { protocol: null,
38 verbose parsed url   slashes: null,
38 verbose parsed url   auth: null,
38 verbose parsed url   host: null,
38 verbose parsed url   port: null,
38 verbose parsed url   hostname: null,
38 verbose parsed url   hash: null,
38 verbose parsed url   search: null,
38 verbose parsed url   query: null,
38 verbose parsed url   pathname: '^1.2.0',
38 verbose parsed url   path: '^1.2.0',
38 verbose parsed url   href: '^1.2.0' }
39 verbose addNamed [ 'gulp-rename', '^1.2.0' ]
40 verbose addNamed [ null, '>=1.2.0-0 <2.0.0-0' ]
41 silly lockFile 31cef36d-gulp-rename-1-2-0 gulp-rename@^1.2.0
42 verbose lock gulp-rename@^1.2.0 /Users/davidnie/.npm/31cef36d-gulp-rename-1-2-0.lock
43 verbose cache add name="bower" spec="^1.3.3" args=["bower","^1.3.3"]
44 verbose parsed url { protocol: null,
44 verbose parsed url   slashes: null,
44 verbose parsed url   auth: null,
44 verbose parsed url   host: null,
44 verbose parsed url   port: null,
44 verbose parsed url   hostname: null,
44 verbose parsed url   hash: null,
44 verbose parsed url   search: null,
44 verbose parsed url   query: null,
44 verbose parsed url   pathname: '^1.3.3',
44 verbose parsed url   path: '^1.3.3',
44 verbose parsed url   href: '^1.3.3' }
45 verbose addNamed [ 'bower', '^1.3.3' ]
46 verbose addNamed [ null, '>=1.3.3-0 <2.0.0-0' ]
47 silly lockFile 0aa5c27e-bower-1-3-3 bower@^1.3.3
48 verbose lock bower@^1.3.3 /Users/davidnie/.npm/0aa5c27e-bower-1-3-3.lock
49 verbose cache add [ 'shelljs@^0.3.0', null ]
50 verbose cache add name=undefined spec="shelljs@^0.3.0" args=["shelljs@^0.3.0",null]
51 verbose parsed url { protocol: null,
51 verbose parsed url   slashes: null,
51 verbose parsed url   auth: null,
51 verbose parsed url   host: null,
51 verbose parsed url   port: null,
51 verbose parsed url   hostname: null,
51 verbose parsed url   hash: null,
51 verbose parsed url   search: null,
51 verbose parsed url   query: null,
51 verbose parsed url   pathname: 'shelljs@^0.3.0',
51 verbose parsed url   path: 'shelljs@^0.3.0',
51 verbose parsed url   href: 'shelljs@^0.3.0' }
52 verbose cache add [ 'gulp@^3.5.6', null ]
53 verbose cache add name=undefined spec="gulp@^3.5.6" args=["gulp@^3.5.6",null]
54 verbose parsed url { protocol: null,
54 verbose parsed url   slashes: null,
54 verbose parsed url   auth: null,
54 verbose parsed url   host: null,
54 verbose parsed url   port: null,
54 verbose parsed url   hostname: null,
54 verbose parsed url   hash: null,
54 verbose parsed url   search: null,
54 verbose parsed url   query: null,
54 verbose parsed url   pathname: 'gulp@^3.5.6',
54 verbose parsed url   path: 'gulp@^3.5.6',
54 verbose parsed url   href: 'gulp@^3.5.6' }
55 verbose cache add name="gulp-util" spec="^2.2.14" args=["gulp-util","^2.2.14"]
56 verbose parsed url { protocol: null,
56 verbose parsed url   slashes: null,
56 verbose parsed url   auth: null,
56 verbose parsed url   host: null,
56 verbose parsed url   port: null,
56 verbose parsed url   hostname: null,
56 verbose parsed url   hash: null,
56 verbose parsed url   search: null,
56 verbose parsed url   query: null,
56 verbose parsed url   pathname: '^2.2.14',
56 verbose parsed url   path: '^2.2.14',
56 verbose parsed url   href: '^2.2.14' }
57 verbose addNamed [ 'gulp-util', '^2.2.14' ]
58 verbose addNamed [ null, '>=2.2.14-0 <3.0.0-0' ]
59 silly lockFile e3e5f16b-gulp-util-2-2-14 gulp-util@^2.2.14
60 verbose lock gulp-util@^2.2.14 /Users/davidnie/.npm/e3e5f16b-gulp-util-2-2-14.lock
61 silly addNameRange { name: 'gulp-concat',
61 silly addNameRange   range: '>=2.2.0-0 <3.0.0-0',
61 silly addNameRange   hasData: false }
62 verbose cache add name="shelljs" spec="^0.3.0" args=["shelljs","^0.3.0"]
63 verbose parsed url { protocol: null,
63 verbose parsed url   slashes: null,
63 verbose parsed url   auth: null,
63 verbose parsed url   host: null,
63 verbose parsed url   port: null,
63 verbose parsed url   hostname: null,
63 verbose parsed url   hash: null,
63 verbose parsed url   search: null,
63 verbose parsed url   query: null,
63 verbose parsed url   pathname: '^0.3.0',
63 verbose parsed url   path: '^0.3.0',
63 verbose parsed url   href: '^0.3.0' }
64 verbose addNamed [ 'shelljs', '^0.3.0' ]
65 verbose addNamed [ null, '>=0.3.0-0 <0.4.0-0' ]
66 silly lockFile 1ddaa962-shelljs-0-3-0 shelljs@^0.3.0
67 verbose lock shelljs@^0.3.0 /Users/davidnie/.npm/1ddaa962-shelljs-0-3-0.lock
68 verbose cache add [ 'gulp-sass@^0.7.1', null ]
69 verbose cache add name=undefined spec="gulp-sass@^0.7.1" args=["gulp-sass@^0.7.1",null]
70 verbose parsed url { protocol: null,
70 verbose parsed url   slashes: null,
70 verbose parsed url   auth: null,
70 verbose parsed url   host: null,
70 verbose parsed url   port: null,
70 verbose parsed url   hostname: null,
70 verbose parsed url   hash: null,
70 verbose parsed url   search: null,
70 verbose parsed url   query: null,
70 verbose parsed url   pathname: 'gulp-sass@^0.7.1',
70 verbose parsed url   path: 'gulp-sass@^0.7.1',
70 verbose parsed url   href: 'gulp-sass@^0.7.1' }
71 verbose cache add name="gulp" spec="^3.5.6" args=["gulp","^3.5.6"]
72 verbose parsed url { protocol: null,
72 verbose parsed url   slashes: null,
72 verbose parsed url   auth: null,
72 verbose parsed url   host: null,
72 verbose parsed url   port: null,
72 verbose parsed url   hostname: null,
72 verbose parsed url   hash: null,
72 verbose parsed url   search: null,
72 verbose parsed url   query: null,
72 verbose parsed url   pathname: '^3.5.6',
72 verbose parsed url   path: '^3.5.6',
72 verbose parsed url   href: '^3.5.6' }
73 verbose addNamed [ 'gulp', '^3.5.6' ]
74 verbose addNamed [ null, '>=3.5.6-0 <4.0.0-0' ]
75 silly lockFile 28ac0b1b-gulp-3-5-6 gulp@^3.5.6
76 verbose lock gulp@^3.5.6 /Users/davidnie/.npm/28ac0b1b-gulp-3-5-6.lock
77 silly addNameRange { name: 'gulp-minify-css',
77 silly addNameRange   range: '>=0.3.0-0 <0.4.0-0',
77 silly addNameRange   hasData: false }
78 silly addNameRange { name: 'gulp-rename',
78 silly addNameRange   range: '>=1.2.0-0 <2.0.0-0',
78 silly addNameRange   hasData: false }
79 silly addNameRange { name: 'bower', range: '>=1.3.3-0 <2.0.0-0', hasData: false }
80 verbose cache add name="gulp-sass" spec="^0.7.1" args=["gulp-sass","^0.7.1"]
81 verbose parsed url { protocol: null,
81 verbose parsed url   slashes: null,
81 verbose parsed url   auth: null,
81 verbose parsed url   host: null,
81 verbose parsed url   port: null,
81 verbose parsed url   hostname: null,
81 verbose parsed url   hash: null,
81 verbose parsed url   search: null,
81 verbose parsed url   query: null,
81 verbose parsed url   pathname: '^0.7.1',
81 verbose parsed url   path: '^0.7.1',
81 verbose parsed url   href: '^0.7.1' }
82 verbose addNamed [ 'gulp-sass', '^0.7.1' ]
83 verbose addNamed [ null, '>=0.7.1-0 <0.8.0-0' ]
84 silly lockFile 77100620-gulp-sass-0-7-1 gulp-sass@^0.7.1
85 verbose lock gulp-sass@^0.7.1 /Users/davidnie/.npm/77100620-gulp-sass-0-7-1.lock
86 silly addNameRange { name: 'gulp-util',
86 silly addNameRange   range: '>=2.2.14-0 <3.0.0-0',
86 silly addNameRange   hasData: false }
87 silly addNameRange { name: 'shelljs', range: '>=0.3.0-0 <0.4.0-0', hasData: false }
88 silly addNameRange { name: 'gulp', range: '>=3.5.6-0 <4.0.0-0', hasData: false }
89 silly addNameRange { name: 'gulp-sass',
89 silly addNameRange   range: '>=0.7.1-0 <0.8.0-0',
89 silly addNameRange   hasData: false }
90 verbose request where is /gulp-concat
91 verbose request registry https://registry.npmjs.org/
92 verbose request id 51f40d892eb385da
93 verbose url raw /gulp-concat
94 verbose url resolving [ 'https://registry.npmjs.org/', './gulp-concat' ]
95 verbose url resolved https://registry.npmjs.org/gulp-concat
96 verbose request where is https://registry.npmjs.org/gulp-concat
97 info trying registry request attempt 1 at 10:43:49
98 verbose etag "ATGIYIU6ZQHQE6O4WNT71N98V"
99 http GET https://registry.npmjs.org/gulp-concat
100 verbose request where is /gulp-util
101 verbose request registry https://registry.npmjs.org/
102 verbose url raw /gulp-util
103 verbose url resolving [ 'https://registry.npmjs.org/', './gulp-util' ]
104 verbose url resolved https://registry.npmjs.org/gulp-util
105 verbose request where is https://registry.npmjs.org/gulp-util
106 info trying registry request attempt 1 at 10:43:49
107 verbose etag "8ZZIPH5T3B3HS0DRBF0OYIDT"
108 http GET https://registry.npmjs.org/gulp-util
109 verbose request where is /bower
110 verbose request registry https://registry.npmjs.org/
111 verbose url raw /bower
112 verbose url resolving [ 'https://registry.npmjs.org/', './bower' ]
113 verbose url resolved https://registry.npmjs.org/bower
114 verbose request where is https://registry.npmjs.org/bower
115 info trying registry request attempt 1 at 10:43:49
116 verbose etag "F4F5YVGSMV6VPQQ1P41SIXZGV"
117 http GET https://registry.npmjs.org/bower
118 verbose request where is /gulp-rename
119 verbose request registry https://registry.npmjs.org/
120 verbose url raw /gulp-rename
121 verbose url resolving [ 'https://registry.npmjs.org/', './gulp-rename' ]
122 verbose url resolved https://registry.npmjs.org/gulp-rename
123 verbose request where is https://registry.npmjs.org/gulp-rename
124 info trying registry request attempt 1 at 10:43:49
125 verbose etag "8XOMVO8XVZYA0U09541NIXCZH"
126 http GET https://registry.npmjs.org/gulp-rename
127 verbose request where is /gulp-minify-css
128 verbose request registry https://registry.npmjs.org/
129 verbose url raw /gulp-minify-css
130 verbose url resolving [ 'https://registry.npmjs.org/', './gulp-minify-css' ]
131 verbose url resolved https://registry.npmjs.org/gulp-minify-css
132 verbose request where is https://registry.npmjs.org/gulp-minify-css
133 info trying registry request attempt 1 at 10:43:49
134 verbose etag "5RQ3LE3CI687HAIHMBAZIWSFY"
135 http GET https://registry.npmjs.org/gulp-minify-css
136 verbose request where is /gulp-sass
137 verbose request registry https://registry.npmjs.org/
138 verbose url raw /gulp-sass
139 verbose url resolving [ 'https://registry.npmjs.org/', './gulp-sass' ]
140 verbose url resolved https://registry.npmjs.org/gulp-sass
141 verbose request where is https://registry.npmjs.org/gulp-sass
142 info trying registry request attempt 1 at 10:43:50
143 verbose etag "8RIHK69YX30MEXK296AUYJ800"
144 http GET https://registry.npmjs.org/gulp-sass
145 verbose request where is /shelljs
146 verbose request registry https://registry.npmjs.org/
147 verbose url raw /shelljs
148 verbose url resolving [ 'https://registry.npmjs.org/', './shelljs' ]
149 verbose url resolved https://registry.npmjs.org/shelljs
150 verbose request where is https://registry.npmjs.org/shelljs
151 info trying registry request attempt 1 at 10:43:50
152 verbose etag "84TVI07M6CNHN83FPJ31CTNEO"
153 http GET https://registry.npmjs.org/shelljs
154 verbose request where is /gulp
155 verbose request registry https://registry.npmjs.org/
156 verbose url raw /gulp
157 verbose url resolving [ 'https://registry.npmjs.org/', './gulp' ]
158 verbose url resolved https://registry.npmjs.org/gulp
159 verbose request where is https://registry.npmjs.org/gulp
160 info trying registry request attempt 1 at 10:43:50
161 verbose etag "G6R2RMRVNYALMMCP25MMD9UW"
162 http GET https://registry.npmjs.org/gulp
163 http 200 https://registry.npmjs.org/gulp-rename
164 silly registry.get cb [ 200,
164 silly registry.get   { date: 'Fri, 20 Feb 2015 15:43:46 GMT',
164 silly registry.get     server: 'CouchDB/1.5.0 (Erlang OTP/R16B03)',
164 silly registry.get     etag: '"ASIF8FVXAFLEFFMFIFP9NZUJK"',
164 silly registry.get     'content-type': 'application/json',
164 silly registry.get     'cache-control': 'max-age=60',
164 silly registry.get     'content-length': '10111',
164 silly registry.get     'accept-ranges': 'bytes',
164 silly registry.get     via: '1.1 varnish',
164 silly registry.get     age: '56',
164 silly registry.get     'x-served-by': 'cache-jfk1026-JFK',
164 silly registry.get     'x-cache': 'HIT',
164 silly registry.get     'x-cache-hits': '2',
164 silly registry.get     'x-timer': 'S1424447026.280775,VS0,VE0',
164 silly registry.get     vary: 'Accept',
164 silly registry.get     'keep-alive': 'timeout=10, max=50',
164 silly registry.get     connection: 'Keep-Alive' } ]
165 http 304 https://registry.npmjs.org/gulp-util
166 silly registry.get cb [ 304,
166 silly registry.get   { date: 'Fri, 20 Feb 2015 15:43:46 GMT',
166 silly registry.get     server: 'Apache',
166 silly registry.get     via: '1.1 varnish',
166 silly registry.get     'last-modified': 'Fri, 20 Feb 2015 15:43:46 GMT',
166 silly registry.get     'cache-control': 'max-age=60',
166 silly registry.get     etag: '"8ZZIPH5T3B3HS0DRBF0OYIDT"',
166 silly registry.get     age: '27',
166 silly registry.get     'x-served-by': 'cache-jfk1035-JFK',
166 silly registry.get     'x-cache': 'HIT',
166 silly registry.get     'x-cache-hits': '1',
166 silly registry.get     'x-timer': 'S1424447026.286760,VS0,VE0',
166 silly registry.get     vary: 'Accept',
166 silly registry.get     'content-length': '0',
166 silly registry.get     'keep-alive': 'timeout=10, max=50',
166 silly registry.get     connection: 'Keep-Alive' } ]
167 verbose etag https://registry.npmjs.org/gulp-util from cache
168 silly addNameRange number 2 { name: 'gulp-util',
168 silly addNameRange   range: '>=2.2.14-0 <3.0.0-0',
168 silly addNameRange   hasData: true }
169 silly addNameRange versions [ 'gulp-util',
169 silly addNameRange   [ '0.0.1',
169 silly addNameRange     '1.0.0',
169 silly addNameRange     '1.1.0',
169 silly addNameRange     '1.1.1',
169 silly addNameRange     '1.2.0',
169 silly addNameRange     '1.3.0',
169 silly addNameRange     '2.0.0',
169 silly addNameRange     '2.1.1',
169 silly addNameRange     '2.1.2',
169 silly addNameRange     '2.1.3',
169 silly addNameRange     '2.1.4',
169 silly addNameRange     '2.2.0',
169 silly addNameRange     '2.2.1',
169 silly addNameRange     '2.2.2',
169 silly addNameRange     '2.2.3',
169 silly addNameRange     '2.2.5',
169 silly addNameRange     '2.2.6',
169 silly addNameRange     '2.2.7',
169 silly addNameRange     '2.2.8',
169 silly addNameRange     '2.2.9',
169 silly addNameRange     '2.2.10',
169 silly addNameRange     '2.2.11',
169 silly addNameRange     '2.2.12',
169 silly addNameRange     '2.2.13',
169 silly addNameRange     '2.2.14',
169 silly addNameRange     '2.2.15',
169 silly addNameRange     '2.2.16',
169 silly addNameRange     '2.2.17',
169 silly addNameRange     '2.2.18',
169 silly addNameRange     '2.2.19',
169 silly addNameRange     '2.2.20',
169 silly addNameRange     '3.0.0',
169 silly addNameRange     '3.0.1',
169 silly addNameRange     '3.0.2',
169 silly addNameRange     '3.0.3' ] ]
170 verbose addNamed [ 'gulp-util', '2.2.20' ]
171 verbose addNamed [ '2.2.20', '2.2.20' ]
172 silly lockFile 48c194cb-gulp-util-2-2-20 gulp-util@2.2.20
173 verbose lock gulp-util@2.2.20 /Users/davidnie/.npm/48c194cb-gulp-util-2-2-20.lock
174 silly addNameRange number 2 { name: 'gulp-rename',
174 silly addNameRange   range: '>=1.2.0-0 <2.0.0-0',
174 silly addNameRange   hasData: true }
175 silly addNameRange versions [ 'gulp-rename',
175 silly addNameRange   [ '0.1.0', '0.2.1', '0.2.2', '1.0.0', '1.1.0', '1.2.0' ] ]
176 verbose addNamed [ 'gulp-rename', '1.2.0' ]
177 verbose addNamed [ '1.2.0', '1.2.0' ]
178 silly lockFile 5981c611-gulp-rename-1-2-0 gulp-rename@1.2.0
179 verbose lock gulp-rename@1.2.0 /Users/davidnie/.npm/5981c611-gulp-rename-1-2-0.lock
180 http 200 https://registry.npmjs.org/gulp-concat
181 silly registry.get cb [ 200,
181 silly registry.get   { date: 'Fri, 20 Feb 2015 15:43:46 GMT',
181 silly registry.get     server: 'CouchDB/1.5.0 (Erlang OTP/R16B03)',
181 silly registry.get     etag: '"1EI3EYSIPXSA4PU2255VNWHSO"',
181 silly registry.get     'content-type': 'application/json',
181 silly registry.get     'cache-control': 'max-age=60',
181 silly registry.get     'content-length': '33461',
181 silly registry.get     'accept-ranges': 'bytes',
181 silly registry.get     via: '1.1 varnish',
181 silly registry.get     age: '10',
181 silly registry.get     'x-served-by': 'cache-jfk1025-JFK',
181 silly registry.get     'x-cache': 'HIT',
181 silly registry.get     'x-cache-hits': '1',
181 silly registry.get     'x-timer': 'S1424447026.283018,VS0,VE0',
181 silly registry.get     vary: 'Accept',
181 silly registry.get     'keep-alive': 'timeout=10, max=50',
181 silly registry.get     connection: 'Keep-Alive' } ]
182 silly lockFile 5981c611-gulp-rename-1-2-0 gulp-rename@1.2.0
183 silly lockFile 5981c611-gulp-rename-1-2-0 gulp-rename@1.2.0
184 silly lockFile 48c194cb-gulp-util-2-2-20 gulp-util@2.2.20
185 silly lockFile 48c194cb-gulp-util-2-2-20 gulp-util@2.2.20
186 silly lockFile 31cef36d-gulp-rename-1-2-0 gulp-rename@^1.2.0
187 silly lockFile 31cef36d-gulp-rename-1-2-0 gulp-rename@^1.2.0
188 silly lockFile e3e5f16b-gulp-util-2-2-14 gulp-util@^2.2.14
189 silly lockFile e3e5f16b-gulp-util-2-2-14 gulp-util@^2.2.14
190 silly addNameRange number 2 { name: 'gulp-concat',
190 silly addNameRange   range: '>=2.2.0-0 <3.0.0-0',
190 silly addNameRange   hasData: true }
191 silly addNameRange versions [ 'gulp-concat',
191 silly addNameRange   [ '0.0.1',
191 silly addNameRange     '1.0.0',
191 silly addNameRange     '1.1.0',
191 silly addNameRange     '2.0.0',
191 silly addNameRange     '2.1.0',
191 silly addNameRange     '2.1.1',
191 silly addNameRange     '2.1.2',
191 silly addNameRange     '2.1.3',
191 silly addNameRange     '2.1.4',
191 silly addNameRange     '2.1.5',
191 silly addNameRange     '2.1.6',
191 silly addNameRange     '2.1.7',
191 silly addNameRange     '2.2.0',
191 silly addNameRange     '2.3.0',
191 silly addNameRange     '2.3.3',
191 silly addNameRange     '2.3.4',
191 silly addNameRange     '2.3.5',
191 silly addNameRange     '2.4.0',
191 silly addNameRange     '2.4.1',
191 silly addNameRange     '2.4.2',
191 silly addNameRange     '2.4.3',
191 silly addNameRange     '2.5.0',
191 silly addNameRange     '2.5.1' ] ]
192 verbose addNamed [ 'gulp-concat', '2.5.1' ]
193 verbose addNamed [ '2.5.1', '2.5.1' ]
194 silly lockFile 8563c6ca-gulp-concat-2-5-1 gulp-concat@2.5.1
195 verbose lock gulp-concat@2.5.1 /Users/davidnie/.npm/8563c6ca-gulp-concat-2-5-1.lock
196 silly lockFile 45f8bd92-ulp-concat-gulp-concat-2-5-1-tgz https://registry.npmjs.org/gulp-concat/-/gulp-concat-2.5.1.tgz
197 verbose lock https://registry.npmjs.org/gulp-concat/-/gulp-concat-2.5.1.tgz /Users/davidnie/.npm/45f8bd92-ulp-concat-gulp-concat-2-5-1-tgz.lock
198 verbose addRemoteTarball [ 'https://registry.npmjs.org/gulp-concat/-/gulp-concat-2.5.1.tgz',
198 verbose addRemoteTarball   '62c915c806286deffee99b117f35765d17ee499f' ]
199 info retry fetch attempt 1 at 10:43:50
200 verbose fetch to= /var/folders/tw/l_4v8_l94fd4bn6qwqh8s18r0000gn/T/npm-33072-aYXYpddZ/registry.npmjs.org/gulp-concat/-/gulp-concat-2.5.1.tgz
201 http GET https://registry.npmjs.org/gulp-concat/-/gulp-concat-2.5.1.tgz
202 http 200 https://registry.npmjs.org/gulp-minify-css
203 silly registry.get cb [ 200,
203 silly registry.get   { date: 'Fri, 20 Feb 2015 15:43:46 GMT',
203 silly registry.get     server: 'CouchDB/1.6.1 (Erlang OTP/R14B04)',
203 silly registry.get     etag: '"24W7YYZC6Q8VX14KVV5ENNU1M"',
203 silly registry.get     'content-type': 'application/json',
203 silly registry.get     'cache-control': 'max-age=60',
203 silly registry.get     'content-length': '37089',
203 silly registry.get     'accept-ranges': 'bytes',
203 silly registry.get     via: '1.1 varnish',
203 silly registry.get     age: '4',
203 silly registry.get     'x-served-by': 'cache-jfk1032-JFK',
203 silly registry.get     'x-cache': 'HIT',
203 silly registry.get     'x-cache-hits': '1',
203 silly registry.get     'x-timer': 'S1424447026.287578,VS0,VE0',
203 silly registry.get     vary: 'Accept',
203 silly registry.get     'keep-alive': 'timeout=10, max=50',
203 silly registry.get     connection: 'Keep-Alive' } ]
204 silly addNameRange number 2 { name: 'gulp-minify-css',
204 silly addNameRange   range: '>=0.3.0-0 <0.4.0-0',
204 silly addNameRange   hasData: true }
205 silly addNameRange versions [ 'gulp-minify-css',
205 silly addNameRange   [ '0.0.1',
205 silly addNameRange     '0.1.0',
205 silly addNameRange     '0.2.0',
205 silly addNameRange     '0.3.0',
205 silly addNameRange     '0.3.1',
205 silly addNameRange     '0.3.2',
205 silly addNameRange     '0.3.3',
205 silly addNameRange     '0.3.4',
205 silly addNameRange     '0.3.5',
205 silly addNameRange     '0.3.6',
205 silly addNameRange     '0.3.7',
205 silly addNameRange     '0.3.8',
205 silly addNameRange     '0.3.9',
205 silly addNameRange     '0.3.10',
205 silly addNameRange     '0.3.11',
205 silly addNameRange     '0.3.12',
205 silly addNameRange     '0.3.13',
205 silly addNameRange     '0.4.0',
205 silly addNameRange     '0.4.1',
205 silly addNameRange     '0.4.2',
205 silly addNameRange     '0.4.3',
205 silly addNameRange     '0.4.4',
205 silly addNameRange     '0.4.5',
205 silly addNameRange     '0.4.6' ] ]
206 verbose addNamed [ 'gulp-minify-css', '0.3.13' ]
207 verbose addNamed [ '0.3.13', '0.3.13' ]
208 silly lockFile 9038a954-gulp-minify-css-0-3-13 gulp-minify-css@0.3.13
209 verbose lock gulp-minify-css@0.3.13 /Users/davidnie/.npm/9038a954-gulp-minify-css-0-3-13.lock
210 silly lockFile 9038a954-gulp-minify-css-0-3-13 gulp-minify-css@0.3.13
211 silly lockFile 9038a954-gulp-minify-css-0-3-13 gulp-minify-css@0.3.13
212 silly lockFile 97140670-gulp-minify-css-0-3-0 gulp-minify-css@^0.3.0
213 silly lockFile 97140670-gulp-minify-css-0-3-0 gulp-minify-css@^0.3.0
214 http 304 https://registry.npmjs.org/gulp-sass
215 silly registry.get cb [ 304,
215 silly registry.get   { date: 'Fri, 20 Feb 2015 15:43:46 GMT',
215 silly registry.get     server: 'Apache',
215 silly registry.get     via: '1.1 varnish',
215 silly registry.get     'last-modified': 'Fri, 20 Feb 2015 15:43:46 GMT',
215 silly registry.get     'cache-control': 'max-age=60',
215 silly registry.get     etag: '"8RIHK69YX30MEXK296AUYJ800"',
215 silly registry.get     age: '0',
215 silly registry.get     'x-served-by': 'cache-jfk1026-JFK',
215 silly registry.get     'x-cache': 'HIT',
215 silly registry.get     'x-cache-hits': '1',
215 silly registry.get     'x-timer': 'S1424447026.320409,VS0,VE83',
215 silly registry.get     vary: 'Accept',
215 silly registry.get     'content-length': '0',
215 silly registry.get     'keep-alive': 'timeout=10, max=49',
215 silly registry.get     connection: 'Keep-Alive' } ]
216 verbose etag https://registry.npmjs.org/gulp-sass from cache
217 silly addNameRange number 2 { name: 'gulp-sass', range: '>=0.7.1-0 <0.8.0-0', hasData: true }
218 silly addNameRange versions [ 'gulp-sass',
218 silly addNameRange   [ '0.1.0',
218 silly addNameRange     '0.2.1',
218 silly addNameRange     '0.2.2',
218 silly addNameRange     '0.2.3',
218 silly addNameRange     '0.3.0',
218 silly addNameRange     '0.4.0',
218 silly addNameRange     '0.4.1',
218 silly addNameRange     '0.5.0',
218 silly addNameRange     '0.5.1',
218 silly addNameRange     '0.5.2',
218 silly addNameRange     '0.6.0',
218 silly addNameRange     '0.7.0',
218 silly addNameRange     '0.7.1',
218 silly addNameRange     '0.7.2',
218 silly addNameRange     '0.7.3',
218 silly addNameRange     '1.0.0',
218 silly addNameRange     '1.1.0',
218 silly addNameRange     '1.2.0',
218 silly addNameRange     '1.2.1',
218 silly addNameRange     '1.2.2',
218 silly addNameRange     '1.2.3',
218 silly addNameRange     '1.2.4',
218 silly addNameRange     '1.3.0',
218 silly addNameRange     '1.3.1',
218 silly addNameRange     '1.3.2',
218 silly addNameRange     '1.3.3' ] ]
219 verbose addNamed [ 'gulp-sass', '0.7.3' ]
220 verbose addNamed [ '0.7.3', '0.7.3' ]
221 silly lockFile 721f0c96-gulp-sass-0-7-3 gulp-sass@0.7.3
222 verbose lock gulp-sass@0.7.3 /Users/davidnie/.npm/721f0c96-gulp-sass-0-7-3.lock
223 silly lockFile 721f0c96-gulp-sass-0-7-3 gulp-sass@0.7.3
224 silly lockFile 721f0c96-gulp-sass-0-7-3 gulp-sass@0.7.3
225 silly lockFile 77100620-gulp-sass-0-7-1 gulp-sass@^0.7.1
226 silly lockFile 77100620-gulp-sass-0-7-1 gulp-sass@^0.7.1
227 http 200 https://registry.npmjs.org/shelljs
228 silly registry.get cb [ 200,
228 silly registry.get   { date: 'Fri, 20 Feb 2015 15:43:46 GMT',
228 silly registry.get     server: 'CouchDB/1.5.0 (Erlang OTP/R16B03)',
228 silly registry.get     etag: '"5SKJ8IWYW5X7TZQ4TBEPJ9M9"',
228 silly registry.get     'content-type': 'application/json',
228 silly registry.get     'cache-control': 'max-age=60',
228 silly registry.get     'content-length': '48740',
228 silly registry.get     'accept-ranges': 'bytes',
228 silly registry.get     via: '1.1 varnish',
228 silly registry.get     age: '0',
228 silly registry.get     'x-served-by': 'cache-jfk1035-JFK',
228 silly registry.get     'x-cache': 'HIT',
228 silly registry.get     'x-cache-hits': '1',
228 silly registry.get     'x-timer': 'S1424447026.327137,VS0,VE23',
228 silly registry.get     vary: 'Accept',
228 silly registry.get     'keep-alive': 'timeout=10, max=49',
228 silly registry.get     connection: 'Keep-Alive' } ]
229 silly addNameRange number 2 { name: 'shelljs', range: '>=0.3.0-0 <0.4.0-0', hasData: true }
230 silly addNameRange versions [ 'shelljs',
230 silly addNameRange   [ '0.0.1',
230 silly addNameRange     '0.0.2',
230 silly addNameRange     '0.0.3',
230 silly addNameRange     '0.0.4',
230 silly addNameRange     '0.0.5',
230 silly addNameRange     '0.0.6',
230 silly addNameRange     '0.0.7',
230 silly addNameRange     '0.0.8',
230 silly addNameRange     '0.0.9',
230 silly addNameRange     '0.1.0',
230 silly addNameRange     '0.1.1',
230 silly addNameRange     '0.1.2',
230 silly addNameRange     '0.1.3',
230 silly addNameRange     '0.1.4',
230 silly addNameRange     '0.2.0',
230 silly addNameRange     '0.2.1',
230 silly addNameRange     '0.2.2',
230 silly addNameRange     '0.2.3',
230 silly addNameRange     '0.2.4',
230 silly addNameRange     '0.2.5',
230 silly addNameRange     '0.2.6',
230 silly addNameRange     '0.3.0',
230 silly addNameRange     '0.0.1-alpha1',
230 silly addNameRange     '0.0.2-pre1',
230 silly addNameRange     '0.0.4-pre1',
230 silly addNameRange     '0.0.5-pre1',
230 silly addNameRange     '0.0.5-pre2',
230 silly addNameRange     '0.0.5-pre3',
230 silly addNameRange     '0.0.5-pre4',
230 silly addNameRange     '0.0.6-pre1',
230 silly addNameRange     '0.0.6-pre2' ] ]
231 verbose addNamed [ 'shelljs', '0.3.0' ]
232 verbose addNamed [ '0.3.0', '0.3.0' ]
233 silly lockFile 7d3918b1-shelljs-0-3-0 shelljs@0.3.0
234 verbose lock shelljs@0.3.0 /Users/davidnie/.npm/7d3918b1-shelljs-0-3-0.lock
235 silly lockFile 71d5ea4a-js-org-shelljs-shelljs-0-3-0-tgz https://registry.npmjs.org/shelljs/-/shelljs-0.3.0.tgz
236 verbose lock https://registry.npmjs.org/shelljs/-/shelljs-0.3.0.tgz /Users/davidnie/.npm/71d5ea4a-js-org-shelljs-shelljs-0-3-0-tgz.lock
237 verbose addRemoteTarball [ 'https://registry.npmjs.org/shelljs/-/shelljs-0.3.0.tgz',
237 verbose addRemoteTarball   '3596e6307a781544f591f37da618360f31db57b1' ]
238 info retry fetch attempt 1 at 10:43:50
239 verbose fetch to= /var/folders/tw/l_4v8_l94fd4bn6qwqh8s18r0000gn/T/npm-33072-aYXYpddZ/registry.npmjs.org/shelljs/-/shelljs-0.3.0.tgz
240 http GET https://registry.npmjs.org/shelljs/-/shelljs-0.3.0.tgz
241 http 200 https://registry.npmjs.org/bower
242 silly registry.get cb [ 200,
242 silly registry.get   { date: 'Fri, 20 Feb 2015 15:43:46 GMT',
242 silly registry.get     server: 'CouchDB/1.6.1 (Erlang OTP/R14B04)',
242 silly registry.get     etag: '"9X50Q7DME3EPZ5R3M5IYJ5R2K"',
242 silly registry.get     'content-type': 'application/json',
242 silly registry.get     'cache-control': 'max-age=60',
242 silly registry.get     'content-length': '106464',
242 silly registry.get     'accept-ranges': 'bytes',
242 silly registry.get     via: '1.1 varnish',
242 silly registry.get     age: '46',
242 silly registry.get     'x-served-by': 'cache-jfk1022-JFK',
242 silly registry.get     'x-cache': 'HIT',
242 silly registry.get     'x-cache-hits': '4',
242 silly registry.get     'x-timer': 'S1424447026.287320,VS0,VE0',
242 silly registry.get     vary: 'Accept',
242 silly registry.get     'keep-alive': 'timeout=10, max=50',
242 silly registry.get     connection: 'Keep-Alive' } ]
243 silly addNameRange number 2 { name: 'bower', range: '>=1.3.3-0 <2.0.0-0', hasData: true }
244 silly addNameRange versions [ 'bower',
244 silly addNameRange   [ '0.1.0',
244 silly addNameRange     '0.1.2',
244 silly addNameRange     '0.1.3',
244 silly addNameRange     '0.2.0',
244 silly addNameRange     '0.3.0',
244 silly addNameRange     '0.3.1',
244 silly addNameRange     '0.3.2',
244 silly addNameRange     '0.4.0',
244 silly addNameRange     '0.5.0',
244 silly addNameRange     '0.5.1',
244 silly addNameRange     '0.6.0',
244 silly addNameRange     '0.6.1',
244 silly addNameRange     '0.6.2',
244 silly addNameRange     '0.6.3',
244 silly addNameRange     '0.6.4',
244 silly addNameRange     '0.6.5',
244 silly addNameRange     '0.6.6',
244 silly addNameRange     '0.6.7',
244 silly addNameRange     '0.6.8',
244 silly addNameRange     '0.7.0',
244 silly addNameRange     '0.7.1',
244 silly addNameRange     '0.8.0',
244 silly addNameRange     '0.8.1',
244 silly addNameRange     '0.8.2',
244 silly addNameRange     '0.8.3',
244 silly addNameRange     '0.8.4',
244 silly addNameRange     '0.8.5',
244 silly addNameRange     '0.8.6',
244 silly addNameRange     '0.9.0',
244 silly addNameRange     '0.9.1',
244 silly addNameRange     '0.9.2',
244 silly addNameRange     '0.10.0',
244 silly addNameRange     '1.0.0',
244 silly addNameRange     '1.0.1',
244 silly addNameRange     '1.0.2',
244 silly addNameRange     '1.0.3',
244 silly addNameRange     '1.1.0',
244 silly addNameRange     '1.1.1',
244 silly addNameRange     '1.1.2',
244 silly addNameRange     '1.2.0',
244 silly addNameRange     '1.2.1',
244 silly addNameRange     '1.2.2',
244 silly addNameRange     '1.2.3',
244 silly addNameRange     '1.2.4',
244 silly addNameRange     '1.2.5',
244 silly addNameRange     '1.2.6',
244 silly addNameRange     '1.2.7',
244 silly addNameRange     '1.2.8',
244 silly addNameRange     '1.3.0',
244 silly addNameRange     '1.3.1',
244 silly addNameRange     '1.3.2',
244 silly addNameRange     '1.3.3',
244 silly addNameRange     '1.3.4',
244 silly addNameRange     '1.3.5',
244 silly addNameRange     '1.3.6',
244 silly addNameRange     '1.3.7',
244 silly addNameRange     '1.3.8',
244 silly addNameRange     '1.3.9',
244 silly addNameRange     '1.3.10',
244 silly addNameRange     '1.3.11',
244 silly addNameRange     '1.3.12' ] ]
245 verbose addNamed [ 'bower', '1.3.12' ]
246 verbose addNamed [ '1.3.12', '1.3.12' ]
247 silly lockFile 9819431c-bower-1-3-12 bower@1.3.12
248 verbose lock bower@1.3.12 /Users/davidnie/.npm/9819431c-bower-1-3-12.lock
249 silly lockFile 9819431c-bower-1-3-12 bower@1.3.12
250 silly lockFile 9819431c-bower-1-3-12 bower@1.3.12
251 silly lockFile 0aa5c27e-bower-1-3-3 bower@^1.3.3
252 silly lockFile 0aa5c27e-bower-1-3-3 bower@^1.3.3
253 http 200 https://registry.npmjs.org/gulp
254 silly registry.get cb [ 200,
254 silly registry.get   { date: 'Fri, 20 Feb 2015 15:43:46 GMT',
254 silly registry.get     server: 'CouchDB/1.5.0 (Erlang OTP/R16B03)',
254 silly registry.get     etag: '"B4LEO2PA9DK98B3ONMSIKV4QI"',
254 silly registry.get     'content-type': 'application/json',
254 silly registry.get     'cache-control': 'max-age=60',
254 silly registry.get     'content-length': '100040',
254 silly registry.get     'accept-ranges': 'bytes',
254 silly registry.get     via: '1.1 varnish',
254 silly registry.get     age: '30',
254 silly registry.get     'x-served-by': 'cache-jfk1025-JFK',
254 silly registry.get     'x-cache': 'HIT',
254 silly registry.get     'x-cache-hits': '1',
254 silly registry.get     'x-timer': 'S1424447026.394390,VS0,VE0',
254 silly registry.get     vary: 'Accept',
254 silly registry.get     'keep-alive': 'timeout=10, max=49',
254 silly registry.get     connection: 'Keep-Alive' } ]
255 silly addNameRange number 2 { name: 'gulp', range: '>=3.5.6-0 <4.0.0-0', hasData: true }
256 silly addNameRange versions [ 'gulp',
256 silly addNameRange   [ '0.0.1',
256 silly addNameRange     '0.0.2',
256 silly addNameRange     '0.0.3',
256 silly addNameRange     '0.0.4',
256 silly addNameRange     '0.0.5',
256 silly addNameRange     '0.0.7',
256 silly addNameRange     '0.0.8',
256 silly addNameRange     '0.0.9',
256 silly addNameRange     '0.1.0',
256 silly addNameRange     '0.2.0',
256 silly addNameRange     '1.0.0',
256 silly addNameRange     '1.1.0',
256 silly addNameRange     '1.2.0',
256 silly addNameRange     '1.2.1',
256 silly addNameRange     '2.0.0',
256 silly addNameRange     '2.0.1',
256 silly addNameRange     '2.1.0',
256 silly addNameRange     '2.2.0',
256 silly addNameRange     '2.3.0',
256 silly addNameRange     '2.4.0',
256 silly addNameRange     '2.4.1',
256 silly addNameRange     '2.6.0',
256 silly addNameRange     '2.6.1',
256 silly addNameRange     '2.7.0',
256 silly addNameRange     '3.0.0',
256 silly addNameRange     '3.1.1',
256 silly addNameRange     '3.1.2',
256 silly addNameRange     '3.1.3',
256 silly addNameRange     '3.1.4',
256 silly addNameRange     '3.2.0',
256 silly addNameRange     '3.2.1',
256 silly addNameRange     '3.2.2',
256 silly addNameRange     '3.2.3',
256 silly addNameRange     '3.2.4',
256 silly addNameRange     '3.2.5',
256 silly addNameRange     '3.3.0',
256 silly addNameRange     '3.3.1',
256 silly addNameRange     '3.3.2',
256 silly addNameRange     '3.3.4',
256 silly addNameRange     '3.4.0',
256 silly addNameRange     '3.5.0',
256 silly addNameRange     '3.5.1',
256 silly addNameRange     '3.5.2',
256 silly addNameRange     '3.5.5',
256 silly addNameRange     '3.5.6',
256 silly addNameRange     '3.6.0',
256 silly addNameRange     '3.6.1',
256 silly addNameRange     '3.6.2',
256 silly addNameRange     '3.7.0',
256 silly addNameRange     '3.8.0',
256 silly addNameRange     '3.8.1',
256 silly addNameRange     '3.8.2',
256 silly addNameRange     '3.8.3',
256 silly addNameRange     '3.8.4',
256 silly addNameRange     '3.8.5',
256 silly addNameRange     '3.8.6',
256 silly addNameRange     '3.8.7',
256 silly addNameRange     '3.8.8',
256 silly addNameRange     '3.8.9',
256 silly addNameRange     '3.8.10',
256 silly addNameRange     '3.8.11' ] ]
257 verbose addNamed [ 'gulp', '3.8.11' ]
258 verbose addNamed [ '3.8.11', '3.8.11' ]
259 silly lockFile 3d31ec08-gulp-3-8-11 gulp@3.8.11
260 verbose lock gulp@3.8.11 /Users/davidnie/.npm/3d31ec08-gulp-3-8-11.lock
261 silly lockFile 3d31ec08-gulp-3-8-11 gulp@3.8.11
262 silly lockFile 3d31ec08-gulp-3-8-11 gulp@3.8.11
263 silly lockFile 28ac0b1b-gulp-3-5-6 gulp@^3.5.6
264 silly lockFile 28ac0b1b-gulp-3-5-6 gulp@^3.5.6
265 http 200 https://registry.npmjs.org/gulp-concat/-/gulp-concat-2.5.1.tgz
266 silly lockFile 45f8bd92-ulp-concat-gulp-concat-2-5-1-tgz https://registry.npmjs.org/gulp-concat/-/gulp-concat-2.5.1.tgz
267 silly lockFile 45f8bd92-ulp-concat-gulp-concat-2-5-1-tgz https://registry.npmjs.org/gulp-concat/-/gulp-concat-2.5.1.tgz
268 silly lockFile 8563c6ca-gulp-concat-2-5-1 gulp-concat@2.5.1
269 silly lockFile 8563c6ca-gulp-concat-2-5-1 gulp-concat@2.5.1
270 silly lockFile bade1119-gulp-concat-2-2-0 gulp-concat@^2.2.0
271 silly lockFile bade1119-gulp-concat-2-2-0 gulp-concat@^2.2.0
272 http 200 https://registry.npmjs.org/shelljs/-/shelljs-0.3.0.tgz
273 silly lockFile 71d5ea4a-js-org-shelljs-shelljs-0-3-0-tgz https://registry.npmjs.org/shelljs/-/shelljs-0.3.0.tgz
274 silly lockFile 71d5ea4a-js-org-shelljs-shelljs-0-3-0-tgz https://registry.npmjs.org/shelljs/-/shelljs-0.3.0.tgz
275 silly lockFile 7d3918b1-shelljs-0-3-0 shelljs@0.3.0
276 silly lockFile 7d3918b1-shelljs-0-3-0 shelljs@0.3.0
277 silly lockFile 1ddaa962-shelljs-0-3-0 shelljs@^0.3.0
278 silly lockFile 1ddaa962-shelljs-0-3-0 shelljs@^0.3.0
279 error Error: EACCES, mkdir '/Users/davidnie/.npm/shelljs/0.3.0'
279 error  { [Error: EACCES, mkdir '/Users/davidnie/.npm/shelljs/0.3.0']
279 error   errno: 3,
279 error   code: 'EACCES',
279 error   path: '/Users/davidnie/.npm/shelljs/0.3.0',
279 error   parent: 'outlawsass' }
280 error Please try running this command again as root/Administrator.
281 error System Darwin 14.1.0
282 error command "node" "/usr/local/bin/npm" "install"
283 error cwd /Users/davidnie/02092015/OutlawSass
284 error node -v v0.10.36
285 error npm -v 1.4.28
286 error path /Users/davidnie/.npm/shelljs/0.3.0
287 error code EACCES
288 error errno 3
289 error stack Error: EACCES, mkdir '/Users/davidnie/.npm/shelljs/0.3.0'
290 verbose exit [ 3, true ]
